Using pre-set license
Desktop is 6400 x 1600 @ 60 Hz

 COMMAND LINE ARGUMENTS:
Unity
-adb2
-batchMode
-noUpm
-name
AssetImportWorker0
-projectPath
/HWK/ERAU/Active Courses/SIM 450 Game Sys IV Mult/SIM_450_M04.DV01_Auth
-logFile
Logs/AssetImportWorker0.log
-srvPort
43127
Successfully changed project path to: /HWK/ERAU/Active Courses/SIM 450 Game Sys IV Mult/SIM_450_M04.DV01_Auth
/HWK/ERAU/Active Courses/SIM 450 Game Sys IV Mult/SIM_450_M04.DV01_Auth
Using Asset Import Pipeline V2.
PlayerPrefs - Creating folder: /home/remex/.config/unity3d/DefaultCompany/SIM_450_M04.DV01_Auth
Unable to load player prefs
Refreshing native plugins compatible for Editor in 18.83 ms, found 0 plugins.
Preloading 0 native plugins for Editor in 0.00 ms.
Initialize engine version: 2020.2.0b2 (90b2443a8df1)
[Subsystems] Discovering subsystems at path /HWK/SFW/Unity/Hub/2020.2.0b2/Editor/Data/Resources/UnitySubsystems
[Subsystems] Discovering subsystems at path /HWK/ERAU/Active Courses/SIM 450 Game Sys IV Mult/SIM_450_M04.DV01_Auth/Assets
GLX Extensions: GLX_EXT_visual_info GLX_EXT_visual_rating GLX_EXT_import_context GLX_SGIX_fbconfig GLX_SGIX_pbuffer GLX_SGI_video_sync GLX_SGI_swap_control GLX_EXT_swap_control GLX_EXT_swap_control_tear GLX_EXT_texture_from_pixmap GLX_EXT_buffer_age GLX_ARB_create_context GLX_ARB_create_context_profile GLX_EXT_create_context_es_profile GLX_EXT_create_context_es2_profile GLX_ARB_create_context_no_error GLX_ARB_create_context_robustness GLX_NV_delay_before_swap GLX_EXT_stereo_tree GLX_ARB_context_flush_control GLX_NV_robustness_video_memory_purge GLX_NV_multigpu_context GLX_ARB_multisample GLX_NV_float_buffer GLX_ARB_fbconfig_float GLX_EXT_framebuffer_sRGB GLX_NV_copy_image GLX_ARB_get_proc_address 
Renderer: GeForce GTX 1070/PCIe/SSE2
Vendor:   NVIDIA Corporation
Version:  4.5.0 NVIDIA 450.66
GLES:     0
 GL_AMD_multi_draw_indirect GL_AMD_seamless_cubemap_per_texture GL_AMD_vertex_shader_viewport_index GL_AMD_vertex_shader_layer GL_ARB_arrays_of_arrays GL_ARB_base_instance GL_ARB_bindless_texture GL_ARB_blend_func_extended GL_ARB_buffer_storage GL_ARB_clear_buffer_object GL_ARB_clear_texture GL_ARB_clip_control GL_ARB_color_buffer_float GL_ARB_compressed_texture_pixel_storage GL_ARB_conservative_depth GL_ARB_compute_shader GL_ARB_compute_variable_group_size GL_ARB_conditional_render_inverted GL_ARB_copy_buffer GL_ARB_copy_image GL_ARB_cull_distance GL_ARB_debug_output GL_ARB_depth_buffer_float GL_ARB_depth_clamp GL_ARB_depth_texture GL_ARB_derivative_control GL_ARB_direct_state_access GL_ARB_draw_buffers GL_ARB_draw_buffers_blend GL_ARB_draw_indirect GL_ARB_draw_elements_base_vertex GL_ARB_draw_instanced GL_ARB_enhanced_layouts GL_ARB_ES2_compatibility GL_ARB_ES3_compatibility GL_ARB_ES3_1_compatibility GL_ARB_ES3_2_compatibility GL_ARB_explicit_attrib_location GL_ARB_explicit_uniform_location GL_ARB_fragmen
t_coord_conventions GL_ARB_fragment_layer_viewport GL_ARB_fragment_program GL_ARB_fragment_program_shadow GL_ARB_fragment_shader GL_ARB_fragment_shader_interlock GL_ARB_framebuffer_no_attachments GL_ARB_framebuffer_object GL_ARB_framebuffer_sRGB GL_ARB_geometry_shader4 GL_ARB_get_program_binary GL_ARB_get_texture_sub_image GL_ARB_gl_spirv GL_ARB_gpu_shader5 GL_ARB_gpu_shader_fp64 GL_ARB_gpu_shader_int64 GL_ARB_half_float_pixel GL_ARB_half_float_vertex GL_ARB_imaging GL_ARB_indirect_parameters GL_ARB_instanced_arrays GL_ARB_internalformat_query GL_ARB_internalformat_query2 GL_ARB_invalidate_subdata GL_ARB_map_buffer_alignment GL_ARB_map_buffer_range GL_ARB_multi_bind GL_ARB_multi_draw_indirect GL_ARB_multisample GL_ARB_multitexture GL_ARB_occlusion_query GL_ARB_occlusion_query2 GL_ARB_parallel_shader_compile GL_ARB_pipeline_statistics_query GL_ARB_pixel_buffer_object GL_ARB_point_parameters GL_ARB_point_sprite GL_ARB_polygon_offset_clamp GL_ARB_post_depth_coverage GL_ARB_program_interface_query GL_ARB_provoki
ng_vertex GL_ARB_query_buffer_object GL_ARB_robust_buffer_access_behavior GL_ARB_robustness GL_ARB_sample_locations GL_ARB_sample_shading GL_ARB_sampler_objects GL_ARB_seamless_cube_map GL_ARB_seamless_cubemap_per_texture GL_ARB_separate_shader_objects GL_ARB_shader_atomic_counter_ops GL_ARB_shader_atomic_counters GL_ARB_shader_ballot GL_ARB_shader_bit_encoding GL_ARB_shader_clock GL_ARB_shader_draw_parameters GL_ARB_shader_group_vote GL_ARB_shader_image_load_store GL_ARB_shader_image_size GL_ARB_shader_objects GL_ARB_shader_precision GL_ARB_shader_storage_buffer_object GL_ARB_shader_subroutine GL_ARB_shader_texture_image_samples GL_ARB_shader_texture_lod GL_ARB_shading_language_100 GL_ARB_shader_viewport_layer_array GL_ARB_shading_language_420pack GL_ARB_shading_language_include GL_ARB_shading_language_packing GL_ARB_shadow GL_ARB_sparse_buffer GL_ARB_sparse_texture GL_ARB_sparse_texture2 GL_ARB_sparse_texture_clamp GL_ARB_spirv_extensions GL_ARB_stencil_texturing GL_ARB_sync GL_ARB_tessellation_shader GL_A
RB_texture_barrier GL_ARB_texture_border_clamp GL_ARB_texture_buffer_object GL_ARB_texture_buffer_object_rgb32 GL_ARB_texture_buffer_range GL_ARB_texture_compression GL_ARB_texture_compression_bptc GL_ARB_texture_compression_rgtc GL_ARB_texture_cube_map GL_ARB_texture_cube_map_array GL_ARB_texture_env_add GL_ARB_texture_env_combine GL_ARB_texture_env_crossbar GL_ARB_texture_env_dot3 GL_ARB_texture_filter_anisotropic GL_ARB_texture_filter_minmax GL_ARB_texture_float GL_ARB_texture_gather GL_ARB_texture_mirror_clamp_to_edge GL_ARB_texture_mirrored_repeat GL_ARB_texture_multisample GL_ARB_texture_non_power_of_two GL_ARB_texture_query_levels GL_ARB_texture_query_lod GL_ARB_texture_rectangle GL_ARB_texture_rg GL_ARB_texture_rgb10_a2ui GL_ARB_texture_stencil8 GL_ARB_texture_storage GL_ARB_texture_storage_multisample GL_ARB_texture_swizzle GL_ARB_texture_view GL_ARB_timer_query GL_ARB_transform_feedback2 GL_ARB_transform_feedback3 GL_ARB_transform_feedback_instanced GL_ARB_transform_feedback_overflow_query GL_ARB_t
ranspose_matrix GL_ARB_uniform_buffer_object GL_ARB_vertex_array_bgra GL_ARB_vertex_array_object GL_ARB_vertex_attrib_64bit GL_ARB_vertex_attrib_binding GL_ARB_vertex_buffer_object GL_ARB_vertex_program GL_ARB_vertex_shader GL_ARB_vertex_type_10f_11f_11f_rev GL_ARB_vertex_type_2_10_10_10_rev GL_ARB_viewport_array GL_ARB_window_pos GL_ATI_draw_buffers GL_ATI_texture_float GL_ATI_texture_mirror_once GL_S3_s3tc GL_EXT_texture_env_add GL_EXT_abgr GL_EXT_bgra GL_EXT_bindable_uniform GL_EXT_blend_color GL_EXT_blend_equation_separate GL_EXT_blend_func_separate GL_EXT_blend_minmax GL_EXT_blend_subtract GL_EXT_compiled_vertex_array GL_EXT_Cg_shader GL_EXT_depth_bounds_test GL_EXT_direct_state_access GL_EXT_draw_buffers2 GL_EXT_draw_instanced GL_EXT_draw_range_elements GL_EXT_fog_coord GL_EXT_framebuffer_blit GL_EXT_framebuffer_multisample GL_EXTX_framebuffer_mixed_formats GL_EXT_framebuffer_multisample_blit_scaled GL_EXT_framebuffer_object GL_EXT_framebuffer_sRGB GL_EXT_geometry_shader4 GL_EXT_gpu_program_parameters 
GL_EXT_gpu_shader4 GL_EXT_multi_draw_arrays GL_EXT_multiview_texture_multisample GL_EXT_multiview_timer_query GL_EXT_packed_depth_stencil GL_EXT_packed_float GL_EXT_packed_pixels GL_EXT_pixel_buffer_object GL_EXT_point_parameters GL_EXT_polygon_offset_clamp GL_EXT_post_depth_coverage GL_EXT_provoking_vertex GL_EXT_raster_multisample GL_EXT_rescale_normal GL_EXT_secondary_color GL_EXT_separate_shader_objects GL_EXT_separate_specular_color GL_EXT_shader_image_load_formatted GL_EXT_shader_image_load_store GL_EXT_shader_integer_mix GL_EXT_shadow_funcs GL_EXT_sparse_texture2 GL_EXT_stencil_two_side GL_EXT_stencil_wrap GL_EXT_texture3D GL_EXT_texture_array GL_EXT_texture_buffer_object GL_EXT_texture_compression_dxt1 GL_EXT_texture_compression_latc GL_EXT_texture_compression_rgtc GL_EXT_texture_compression_s3tc GL_EXT_texture_cube_map GL_EXT_texture_edge_clamp GL_EXT_texture_env_combine GL_EXT_texture_env_dot3 GL_EXT_texture_filter_anisotropic GL_EXT_texture_filter_minmax GL_EXT_texture_integer GL_EXT_texture_lod G
L_EXT_texture_lod_bias GL_EXT_texture_mirror_clamp GL_EXT_texture_object GL_EXT_texture_shadow_lod GL_EXT_texture_shared_exponent GL_EXT_texture_sRGB GL_EXT_texture_sRGB_R8 GL_EXT_texture_sRGB_decode GL_EXT_texture_storage GL_EXT_texture_swizzle GL_EXT_timer_query GL_EXT_transform_feedback2 GL_EXT_vertex_array GL_EXT_vertex_array_bgra GL_EXT_vertex_attrib_64bit GL_EXT_window_rectangles GL_EXT_x11_sync_object GL_EXT_import_sync_object GL_NV_robustness_video_memory_purge GL_IBM_rasterpos_clip GL_IBM_texture_mirrored_repeat GL_KHR_context_flush_control GL_KHR_debug GL_EXT_memory_object GL_EXT_memory_object_fd GL_KHR_parallel_shader_compile GL_KHR_no_error GL_KHR_robust_buffer_access_behavior GL_KHR_robustness GL_EXT_semaphore GL_EXT_semaphore_fd GL_KHR_shader_subgroup GL_KTX_buffer_region GL_NV_alpha_to_coverage_dither_control GL_NV_bindless_multi_draw_indirect GL_NV_bindless_multi_draw_indirect_count GL_NV_bindless_texture GL_NV_blend_equation_advanced GL_NV_blend_equation_advanced_coherent GL_NVX_blend_equati
on_advanced_multi_draw_buffers GL_NV_blend_minmax_factor GL_NV_blend_square GL_NV_clip_space_w_scaling GL_NV_command_list GL_NV_compute_program5 GL_NV_conditional_render GL_NV_conservative_raster GL_NV_conservative_raster_dilate GL_NV_conservative_raster_pre_snap_triangles GL_NV_copy_depth_to_color GL_NV_copy_image GL_NV_depth_buffer_float GL_NV_depth_clamp GL_NV_draw_texture GL_NV_draw_vulkan_image GL_NV_ES1_1_compatibility GL_NV_ES3_1_compatibility GL_NV_explicit_multisample GL_NV_feature_query GL_NV_fence GL_NV_fill_rectangle GL_NV_float_buffer GL_NV_fog_distance GL_NV_fragment_coverage_to_color GL_NV_fragment_program GL_NV_fragment_program_option GL_NV_fragment_program2 GL_NV_fragment_shader_interlock GL_NV_framebuffer_mixed_samples GL_NV_framebuffer_multisample_coverage GL_NV_geometry_shader4 GL_NV_geometry_shader_passthrough GL_NV_gpu_program4 GL_NV_internalformat_sample_query GL_NV_gpu_program4_1 GL_NV_gpu_program5 GL_NV_gpu_program5_mem_extended GL_NV_gpu_program_fp64 GL_NV_gpu_shader5 GL_NV_half_flo
at GL_NV_light_max_exponent GL_NV_memory_attachment GL_NV_multisample_coverage GL_NV_multisample_filter_hint GL_NV_occlusion_query GL_NV_packed_depth_stencil GL_NV_parameter_buffer_object GL_NV_parameter_buffer_object2 GL_NV_path_rendering GL_NV_path_rendering_shared_edge GL_NV_pixel_data_range GL_NV_point_sprite GL_NV_primitive_restart GL_NV_query_resource GL_NV_query_resource_tag GL_NV_register_combiners GL_NV_register_combiners2 GL_NV_sample_locations GL_NV_sample_mask_override_coverage GL_NV_shader_atomic_counters GL_NV_shader_atomic_float GL_NV_shader_atomic_float64 GL_NV_shader_atomic_fp16_vector GL_NV_shader_atomic_int64 GL_NV_shader_buffer_load GL_NV_shader_storage_buffer_object GL_NV_shader_subgroup_partitioned GL_NV_stereo_view_rendering GL_NV_texgen_reflection GL_NV_texture_barrier GL_NV_texture_compression_vtc GL_NV_texture_env_combine4 GL_NV_texture_multisample GL_NV_texture_rectangle GL_NV_texture_rectangle_compressed GL_NV_texture_shader GL_NV_texture_shader2 GL_NV_texture_shader3 GL_NV_transf
orm_feedback GL_NV_transform_feedback2 GL_NV_uniform_buffer_unified_memory GL_NV_vdpau_interop GL_NV_vdpau_interop2 GL_NV_vertex_array_range GL_NV_vertex_array_range2 GL_NV_vertex_attrib_integer_64bit GL_NV_vertex_buffer_unified_memory GL_NV_vertex_program GL_NV_vertex_program1_1 GL_NV_vertex_program2 GL_NV_vertex_program2_option GL_NV_vertex_program3 GL_NV_viewport_array2 GL_NV_viewport_swizzle GL_NVX_conditional_render GL_NV_gpu_multicast GL_NVX_progress_fence GL_NVX_gpu_memory_info GL_NVX_nvenc_interop GL_NV_shader_thread_group GL_NV_shader_thread_shuffle GL_KHR_blend_equation_advanced GL_KHR_blend_equation_advanced_coherent GL_OVR_multiview GL_OVR_multiview2 GL_SGIS_generate_mipmap GL_SGIS_texture_lod GL_SGIX_depth_texture GL_SGIX_shadow GL_SUN_slice_accum
OPENGL LOG: Creating OpenGL 4.5 graphics device ; Context level  <OpenGL 4.5> ; Context handle 625428648
Initialize mono
Mono path[0] = '/HWK/SFW/Unity/Hub/2020.2.0b2/Editor/Data/Managed'
Mono path[1] = '/HWK/SFW/Unity/Hub/2020.2.0b2/Editor/Data/MonoBleedingEdge/lib/mono/unityjit'
Mono config path = '/HWK/SFW/Unity/Hub/2020.2.0b2/Editor/Data/MonoBleedingEdge/etc'
Using monoOptions --debugger-agent=transport=dt_socket,embedding=1,server=y,suspend=n,address=127.0.0.1:56131
Begin MonoManager ReloadAssembly
Registering precompiled unity dll's ...
Register platform support module: /HWK/SFW/Unity/Hub/2020.2.0b2/Editor/Data/PlaybackEngines/WebGLSupport/UnityEditor.WebGL.Extensions.dll
Register platform support module: /HWK/SFW/Unity/Hub/2020.2.0b2/Editor/Data/PlaybackEngines/LinuxStandaloneSupport/UnityEditor.LinuxStandalone.Extensions.dll
Registered in 0.000985 seconds.
Native extension for LinuxStandalone target not found
Native extension for WebGL target not found
Refreshing native plugins compatible for Editor in 20.69 ms, found 0 plugins.
Preloading 0 native plugins for Editor in 0.00 ms.
Invoked RoslynAnalysisRunner static constructor.
RoslynAnalysisRunner will not be running.
RoslynAnalysisRunner has terminated.
Mono: successfully reloaded assembly
- Completed reload, in  0.874 seconds
Registering precompiled user dll's ...
Registered in 0.026884 seconds.
Platform modules already initialized, skipping
Begin MonoManager ReloadAssembly
Symbol file LoadedFromMemory doesn't match image /HWK/ERAU/Active Courses/SIM 450 Game Sys IV Mult/SIM_450_M04.DV01_Auth/Library/PackageCache/com.unity.ext.nunit@1.0.0/net35/unity-custom/nunit.framework.dll
Native extension for LinuxStandalone target not found
Native extension for WebGL target not found
Refreshing native plugins compatible for Editor in 0.23 ms, found 0 plugins.
Preloading 0 native plugins for Editor in 0.00 ms.
CreateSerializedAsset is not supported while importing out-of-process
UnityEngine.StackTraceUtility:ExtractStackTrace () (at /home/bokken/buildslave/unity/build/Runtime/Export/Scripting/StackTrace.cs:37)
PlayFab.PfEditor.PlayFabEditorPrefsSO:get_Instance () (at Assets/PlayFabEditorExtensions/Editor/Scripts/Utils/PlayFabEditorPrefsSO.cs:38)
PlayFab.PfEditor.SubMenuComponent:RegisterMenuItem (string,System.Action) (at Assets/PlayFabEditorExtensions/Editor/Scripts/Components/SubMenuComponent.cs:42)
PlayFab.PfEditor.PlayFabEditorDataMenu:RegisterMenu () (at Assets/PlayFabEditorExtensions/Editor/Scripts/Panels/PlayFabEditorDataMenu.cs:93)
PlayFab.PfEditor.PlayFabEditorDataMenu:.cctor () (at Assets/PlayFabEditorExtensions/Editor/Scripts/Panels/PlayFabEditorDataMenu.cs:74)
System.Runtime.CompilerServices.RuntimeHelpers:RunClassConstructor (System.RuntimeTypeHandle)
UnityEditor.EditorAssemblies:ProcessInitializeOnLoadAttributes (System.Type[]) (at /home/bokken/buildslave/unity/build/Editor/Mono/EditorAssemblies.cs:114)

[Assets/PlayFabEditorExtensions/Editor/Scripts/Utils/PlayFabEditorPrefsSO.cs line 38]

UnityEngine.UnityException: Creating asset at path Assets/PlayFabEditorExtensions/Editor/Resources/PlayFabEditorPrefsSO.asset failed.
  at (wrapper managed-to-native) UnityEditor.AssetDatabase.CreateAsset(UnityEngine.Object,string)
  at PlayFab.PfEditor.PlayFabEditorPrefsSO.get_Instance () [0x00084] in /HWK/ERAU/Active Courses/SIM 450 Game Sys IV Mult/SIM_450_M04.DV01_Auth/Assets/PlayFabEditorExtensions/Editor/Scripts/Utils/PlayFabEditorPrefsSO.cs:38 
  at PlayFab.PfEditor.SubMenuComponent.RegisterMenuItem (System.String n, System.Action m) [0x00010] in /HWK/ERAU/Active Courses/SIM 450 Game Sys IV Mult/SIM_450_M04.DV01_Auth/Assets/PlayFabEditorExtensions/Editor/Scripts/Components/SubMenuComponent.cs:42 
  at PlayFab.PfEditor.PlayFabEditorDataMenu.RegisterMenu () [0x00018] in /HWK/ERAU/Active Courses/SIM 450 Game Sys IV Mult/SIM_450_M04.DV01_Auth/Assets/PlayFabEditorExtensions/Editor/Scripts/Panels/PlayFabEditorDataMenu.cs:93 
  at PlayFab.PfEditor.PlayFabEditorDataMenu..cctor () [0x0003a] in /HWK/ERAU/Active Courses/SIM 450 Game Sys IV Mult/SIM_450_M04.DV01_Auth/Assets/PlayFabEditorExtensions/Editor/Scripts/Panels/PlayFabEditorDataMenu.cs:74 
UnityEngine.StackTraceUtility:ExtractStackTrace () (at /home/bokken/buildslave/unity/build/Runtime/Export/Scripting/StackTrace.cs:37)
UnityEngine.DebugLogHandler:LogFormat (UnityEngine.LogType,UnityEngine.Object,string,object[])
UnityEngine.Logger:Log (UnityEngine.LogType,object)
UnityEngine.Debug:LogError (object)
UnityEditor.EditorAssemblies:ProcessInitializeOnLoadAttributes (System.Type[]) (at /home/bokken/buildslave/unity/build/Editor/Mono/EditorAssemblies.cs:118)

(Filename: /home/bokken/buildslave/unity/build/Runtime/Export/Scripting/StackTrace.cs Line: 37)

Invoked RoslynAnalysisRunner static constructor.
RoslynAnalysisRunner will not be running.
RoslynAnalysisRunner has terminated.
Mono: successfully reloaded assembly
- Completed reload, in  0.665 seconds
Platform modules already initialized, skipping
========================================================================
Worker process is ready to serve import requests
Launched and connected shader compiler UnityShaderCompiler after 0.01 seconds
Refreshing native plugins compatible for Editor in 0.16 ms, found 0 plugins.
Preloading 0 native plugins for Editor in 0.00 ms.
Unloading 1216 Unused Serialized files (Serialized files now loaded: 0)
System memory in use before: 58.2 MB.
System memory in use after: 58.3 MB.

Unloading 6 unused Assets to reduce memory usage. Loaded Objects now: 1657.
Total: 3.265635 ms (FindLiveObjects: 0.622263 ms CreateObjectMapping: 0.139082 ms MarkObjects: 2.358713 ms  DeleteObjects: 0.144120 ms)

========================================================================
Received Import Request.
  path: Assets
  artifactKey: Guid(00000000000000001000000000000000) Importer(815301076,1909f56bfc062723c751e8b465ee728b)
Start importing Assets using Guid(00000000000000001000000000000000) Importer(815301076,1909f56bfc062723c751e8b465ee728b)  -> (artifact id: '6b84992ca9167a44b684cd308b8a86db') in 0.002396 seconds
  Import took 0.004535 seconds .

========================================================================
Received Import Request.
  Time since last request: 0.000167 seconds.
  path: Assets/Scenes
  artifactKey: Guid(e78f3264dc252843daa5918e091bcd30) Importer(815301076,1909f56bfc062723c751e8b465ee728b)
Start importing Assets/Scenes using Guid(e78f3264dc252843daa5918e091bcd30) Importer(815301076,1909f56bfc062723c751e8b465ee728b)  -> (artifact id: '3c7c23357b0512a9116edfed94eec63a') in 0.000449 seconds
  Import took 0.001708 seconds .

========================================================================
Received Import Request.
  Time since last request: 0.000107 seconds.
  path: Assets/PlayFabEditorExtensions
  artifactKey: Guid(e6b6b62449f1f4ed1bdf033d7f2d2ccf) Importer(815301076,1909f56bfc062723c751e8b465ee728b)
Start importing Assets/PlayFabEditorExtensions using Guid(e6b6b62449f1f4ed1bdf033d7f2d2ccf) Importer(815301076,1909f56bfc062723c751e8b465ee728b)  -> (artifact id: '997ff8ada1c909f32eb4e27b1820c86d') in 0.000435 seconds
  Import took 0.001637 seconds .

========================================================================
Received Import Request.
  Time since last request: 0.000127 seconds.
  path: Assets/PlayFabSDK
  artifactKey: Guid(e53d5e839d5caa945b9b859abe15689b) Importer(815301076,1909f56bfc062723c751e8b465ee728b)
Start importing Assets/PlayFabSDK using Guid(e53d5e839d5caa945b9b859abe15689b) Importer(815301076,1909f56bfc062723c751e8b465ee728b)  -> (artifact id: '1a3a1ab3601a14615bdce2dd35b1b2b8') in 0.000431 seconds
  Import took 0.001633 seconds .

========================================================================
Received Import Request.
  Time since last request: 2.975325 seconds.
  path: Assets/Auth
  artifactKey: Guid(96ae5ced7e72c1250ab35f45ce09f4b3) Importer(815301076,1909f56bfc062723c751e8b465ee728b)
Start importing Assets/Auth using Guid(96ae5ced7e72c1250ab35f45ce09f4b3) Importer(815301076,1909f56bfc062723c751e8b465ee728b)  -> (artifact id: '35391f6d6d77d2c245e65e81dcb09b8a') in 0.000710 seconds
  Import took 0.002500 seconds .

========================================================================
Received Import Request.
  Time since last request: 0.010241 seconds.
  path: Assets/Auth
  artifactKey: Guid(96ae5ced7e72c1250ab35f45ce09f4b3) Importer(815301076,1909f56bfc062723c751e8b465ee728b)
Start importing Assets/Auth using Guid(96ae5ced7e72c1250ab35f45ce09f4b3) Importer(815301076,1909f56bfc062723c751e8b465ee728b)  -> (artifact id: '35391f6d6d77d2c245e65e81dcb09b8a') in 0.000700 seconds
  Import took 0.002650 seconds .

========================================================================
Received Import Request.
  Time since last request: 14.342544 seconds.
  path: Assets/Auth/Scripts
  artifactKey: Guid(e5d5052e0511c90b299244bd08baa37e) Importer(815301076,1909f56bfc062723c751e8b465ee728b)
Start importing Assets/Auth/Scripts using Guid(e5d5052e0511c90b299244bd08baa37e) Importer(815301076,1909f56bfc062723c751e8b465ee728b)  -> (artifact id: '1fdc8cabfab554cffd796a2fb06b75e7') in 0.000871 seconds
  Import took 0.002830 seconds .

========================================================================
Received Import Request.
  Time since last request: 0.009619 seconds.
  path: Assets/Auth/Scripts
  artifactKey: Guid(e5d5052e0511c90b299244bd08baa37e) Importer(815301076,1909f56bfc062723c751e8b465ee728b)
Start importing Assets/Auth/Scripts using Guid(e5d5052e0511c90b299244bd08baa37e) Importer(815301076,1909f56bfc062723c751e8b465ee728b)  -> (artifact id: '1fdc8cabfab554cffd796a2fb06b75e7') in 0.000770 seconds
  Import took 0.002785 seconds .

========================================================================
Received Import Request.
  Time since last request: 7.955591 seconds.
  path: Assets/Auth/Scripts/LoginRegister.cs
  artifactKey: Guid(54e9a7e81e264125eb41b4bfdb248ac0) Importer(815301076,1909f56bfc062723c751e8b465ee728b)
Start importing Assets/Auth/Scripts/LoginRegister.cs using Guid(54e9a7e81e264125eb41b4bfdb248ac0) Importer(815301076,1909f56bfc062723c751e8b465ee728b)  -> (artifact id: '88b6dbb0695f42aa77b5b6ea72f6d631') in 0.001418 seconds
  Import took 0.004126 seconds .

========================================================================
Received Prepare
Reloading mono domain
Begin MonoManager ReloadAssembly
Registering precompiled unity dll's ...
Register platform support module: /HWK/SFW/Unity/Hub/2020.2.0b2/Editor/Data/PlaybackEngines/WebGLSupport/UnityEditor.WebGL.Extensions.dll
Register platform support module: /HWK/SFW/Unity/Hub/2020.2.0b2/Editor/Data/PlaybackEngines/LinuxStandaloneSupport/UnityEditor.LinuxStandalone.Extensions.dll
Registered in 0.000990 seconds.
./Editor/Platform/Linux/TempStubs.cpp:PlatformImageForIconForExtension
Symbol file LoadedFromMemory doesn't match image /HWK/ERAU/Active Courses/SIM 450 Game Sys IV Mult/SIM_450_M04.DV01_Auth/Library/PackageCache/com.unity.ext.nunit@1.0.0/net35/unity-custom/nunit.framework.dll
Native extension for LinuxStandalone target not found
Native extension for WebGL target not found
Refreshing native plugins compatible for Editor in 19.53 ms, found 0 plugins.
Preloading 0 native plugins for Editor in 0.00 ms.
Invoked RoslynAnalysisRunner static constructor.
RoslynAnalysisRunner will not be running.
RoslynAnalysisRunner has terminated.
Mono: successfully reloaded assembly
- Completed reload, in  0.703 seconds
Registering precompiled user dll's ...
Registered in 0.028866 seconds.
Platform modules already initialized, skipping
Begin MonoManager ReloadAssembly
Symbol file LoadedFromMemory doesn't match image /HWK/ERAU/Active Courses/SIM 450 Game Sys IV Mult/SIM_450_M04.DV01_Auth/Library/PackageCache/com.unity.ext.nunit@1.0.0/net35/unity-custom/nunit.framework.dll
Native extension for LinuxStandalone target not found
Native extension for WebGL target not found
Refreshing native plugins compatible for Editor in 0.51 ms, found 0 plugins.
Preloading 0 native plugins for Editor in 0.00 ms.
Invoked RoslynAnalysisRunner static constructor.
RoslynAnalysisRunner will not be running.
RoslynAnalysisRunner has terminated.
Mono: successfully reloaded assembly
- Completed reload, in  0.736 seconds
Platform modules already initialized, skipping
Refreshing native plugins compatible for Editor in 0.24 ms, found 0 plugins.
Preloading 0 native plugins for Editor in 0.00 ms.
Unloading 9 Unused Serialized files (Serialized files now loaded: 0)
System memory in use before: 34.5 MB.
System memory in use after: 34.6 MB.

Unloading 6 unused Assets to reduce memory usage. Loaded Objects now: 1665.
Total: 4.880188 ms (FindLiveObjects: 0.684782 ms CreateObjectMapping: 0.181821 ms MarkObjects: 3.871369 ms  DeleteObjects: 0.137632 ms)

========================================================================
Received Prepare
Reloading mono domain
Begin MonoManager ReloadAssembly
Registering precompiled unity dll's ...
Register platform support module: /HWK/SFW/Unity/Hub/2020.2.0b2/Editor/Data/PlaybackEngines/WebGLSupport/UnityEditor.WebGL.Extensions.dll
Register platform support module: /HWK/SFW/Unity/Hub/2020.2.0b2/Editor/Data/PlaybackEngines/LinuxStandaloneSupport/UnityEditor.LinuxStandalone.Extensions.dll
Registered in 0.000995 seconds.
Symbol file LoadedFromMemory doesn't match image /HWK/ERAU/Active Courses/SIM 450 Game Sys IV Mult/SIM_450_M04.DV01_Auth/Library/PackageCache/com.unity.ext.nunit@1.0.0/net35/unity-custom/nunit.framework.dll
Native extension for LinuxStandalone target not found
Native extension for WebGL target not found
Refreshing native plugins compatible for Editor in 20.61 ms, found 0 plugins.
Preloading 0 native plugins for Editor in 0.00 ms.
Invoked RoslynAnalysisRunner static constructor.
RoslynAnalysisRunner will not be running.
RoslynAnalysisRunner has terminated.
Mono: successfully reloaded assembly
- Completed reload, in  0.781 seconds
Registering precompiled user dll's ...
Registered in 0.027820 seconds.
Platform modules already initialized, skipping
Begin MonoManager ReloadAssembly
Symbol file LoadedFromMemory doesn't match image /HWK/ERAU/Active Courses/SIM 450 Game Sys IV Mult/SIM_450_M04.DV01_Auth/Library/PackageCache/com.unity.ext.nunit@1.0.0/net35/unity-custom/nunit.framework.dll
Native extension for LinuxStandalone target not found
Native extension for WebGL target not found
Refreshing native plugins compatible for Editor in 0.21 ms, found 0 plugins.
Preloading 0 native plugins for Editor in 0.00 ms.
Invoked RoslynAnalysisRunner static constructor.
RoslynAnalysisRunner will not be running.
RoslynAnalysisRunner has terminated.
Mono: successfully reloaded assembly
- Completed reload, in  0.740 seconds
Platform modules already initialized, skipping
Refreshing native plugins compatible for Editor in 0.24 ms, found 0 plugins.
Preloading 0 native plugins for Editor in 0.00 ms.
Unloading 7 Unused Serialized files (Serialized files now loaded: 0)
System memory in use before: 34.6 MB.
System memory in use after: 34.7 MB.

Unloading 6 unused Assets to reduce memory usage. Loaded Objects now: 1671.
Total: 3.335817 ms (FindLiveObjects: 0.594501 ms CreateObjectMapping: 0.156236 ms MarkObjects: 2.534077 ms  DeleteObjects: 0.048301 ms)

========================================================================
Received Import Request.
  Time since last request: 31.248334 seconds.
  path: Assets/Auth/Scripts/LoginRegister.cs
  artifactKey: Guid(54e9a7e81e264125eb41b4bfdb248ac0) Importer(815301076,1909f56bfc062723c751e8b465ee728b)
Start importing Assets/Auth/Scripts/LoginRegister.cs using Guid(54e9a7e81e264125eb41b4bfdb248ac0) Importer(815301076,1909f56bfc062723c751e8b465ee728b)  -> (artifact id: '15d5c22dc254612b7bbcad94d72ca996') in 0.001350 seconds
  Import took 0.003536 seconds .

========================================================================
Received Import Request.
  Time since last request: 80.636915 seconds.
  path: Assets/Auth/Scripts/LoginRegister.cs
  artifactKey: Guid(54e9a7e81e264125eb41b4bfdb248ac0) Importer(815301076,1909f56bfc062723c751e8b465ee728b)
Start importing Assets/Auth/Scripts/LoginRegister.cs using Guid(54e9a7e81e264125eb41b4bfdb248ac0) Importer(815301076,1909f56bfc062723c751e8b465ee728b)  -> (artifact id: 'd61601d98933577b0722a191e5bee5ab') in 0.000500 seconds
  Import took 0.002228 seconds .

========================================================================
Received Import Request.
  Time since last request: 0.063814 seconds.
  path: Assets/Auth/Scripts/LoginRegister.cs
  artifactKey: Guid(54e9a7e81e264125eb41b4bfdb248ac0) Importer(815301076,1909f56bfc062723c751e8b465ee728b)
Start importing Assets/Auth/Scripts/LoginRegister.cs using Guid(54e9a7e81e264125eb41b4bfdb248ac0) Importer(815301076,1909f56bfc062723c751e8b465ee728b)  -> (artifact id: 'd61601d98933577b0722a191e5bee5ab') in 0.000786 seconds
  Import took 0.003929 seconds .

========================================================================
Received Import Request.
  Time since last request: 165.367158 seconds.
  path: Assets/Auth/Scripts/LoginRegister.cs
  artifactKey: Guid(54e9a7e81e264125eb41b4bfdb248ac0) Importer(815301076,1909f56bfc062723c751e8b465ee728b)
Start importing Assets/Auth/Scripts/LoginRegister.cs using Guid(54e9a7e81e264125eb41b4bfdb248ac0) Importer(815301076,1909f56bfc062723c751e8b465ee728b)  -> (artifact id: '0b466cbb8c817b20d61c844b0ee76dcb') in 0.000643 seconds
  Import took 0.003009 seconds .

========================================================================
Received Import Request.
  Time since last request: 124.678566 seconds.
  path: Assets/PlayFabEditorExtensions/Editor/UI/Images/checkmark.png
  artifactKey: Guid(1f806a850e4ff264eafc4935f65793b8) Importer(815301076,1909f56bfc062723c751e8b465ee728b)
Start importing Assets/PlayFabEditorExtensions/Editor/UI/Images/checkmark.png using Guid(1f806a850e4ff264eafc4935f65793b8) Importer(815301076,1909f56bfc062723c751e8b465ee728b)  -> (artifact id: '2b6bbb5c310e535040228b24175b7ca0') in 0.062000 seconds
  Import took 0.064828 seconds .

========================================================================
Received Import Request.
  Time since last request: 0.000108 seconds.
  path: Assets/PlayFabEditorExtensions/Editor/UI/Images/checkmark_off.png
  artifactKey: Guid(d20c53c8cad21024091aeed0b9bf2a0e) Importer(815301076,1909f56bfc062723c751e8b465ee728b)
Start importing Assets/PlayFabEditorExtensions/Editor/UI/Images/checkmark_off.png using Guid(d20c53c8cad21024091aeed0b9bf2a0e) Importer(815301076,1909f56bfc062723c751e8b465ee728b)  -> (artifact id: 'ef2de864a203953ebfbfcb14389f3996') in 0.004365 seconds
  Import took 0.006359 seconds .

========================================================================
Received Import Request.
  Time since last request: 0.004215 seconds.
  path: Assets/PlayFabEditorExtensions/Editor/UI/Images/playfablogo.png
  artifactKey: Guid(77e37f7fe73c7db4d9a1702eb4ad411b) Importer(815301076,1909f56bfc062723c751e8b465ee728b)
Start importing Assets/PlayFabEditorExtensions/Editor/UI/Images/playfablogo.png using Guid(77e37f7fe73c7db4d9a1702eb4ad411b) Importer(815301076,1909f56bfc062723c751e8b465ee728b)  -> (artifact id: '6a70a181e65c463a59e4476f6dec17f6') in 0.007134 seconds
  Import took 0.009377 seconds .

========================================================================
Received Import Request.
  Time since last request: 0.000116 seconds.
  path: Assets/PlayFabEditorExtensions/Editor/UI/Images/dashboardIcon.png
  artifactKey: Guid(4f1db872b2efa324c806fcbb54e19e1c) Importer(815301076,1909f56bfc062723c751e8b465ee728b)
Start importing Assets/PlayFabEditorExtensions/Editor/UI/Images/dashboardIcon.png using Guid(4f1db872b2efa324c806fcbb54e19e1c) Importer(815301076,1909f56bfc062723c751e8b465ee728b)  -> (artifact id: '68c17aa7770721070af8734e4153374d') in 0.005884 seconds
  Import took 0.007774 seconds .

========================================================================
Received Import Request.
  Time since last request: 0.000137 seconds.
  path: Assets/PlayFabEditorExtensions/Editor/UI/Images/dashboardIconHover.png
  artifactKey: Guid(b43817ee9dda16c41a628a705526a021) Importer(815301076,1909f56bfc062723c751e8b465ee728b)
Start importing Assets/PlayFabEditorExtensions/Editor/UI/Images/dashboardIconHover.png using Guid(b43817ee9dda16c41a628a705526a021) Importer(815301076,1909f56bfc062723c751e8b465ee728b)  -> (artifact id: '4bb43544f29d1b1964b995b0171303dc') in 0.005012 seconds
  Import took 0.007074 seconds .

========================================================================
Received Import Request.
  Time since last request: 0.000134 seconds.
  path: Assets/PlayFabEditorExtensions/Editor/UI/Images/checkmark_on.png
  artifactKey: Guid(a2f13c216f2649d49b892cade7f4e5f0) Importer(815301076,1909f56bfc062723c751e8b465ee728b)
Start importing Assets/PlayFabEditorExtensions/Editor/UI/Images/checkmark_on.png using Guid(a2f13c216f2649d49b892cade7f4e5f0) Importer(815301076,1909f56bfc062723c751e8b465ee728b)  -> (artifact id: '9d3764068b6a82804d72f6864db900b9') in 0.012067 seconds
  Import took 0.014117 seconds .

========================================================================
Received Import Request.
  Time since last request: 0.000144 seconds.
  path: Assets/PlayFabSDK/Shared/Editor/PlayFablogo.png
  artifactKey: Guid(ec8f5065b10fb4f04bebf82a992c442e) Importer(815301076,1909f56bfc062723c751e8b465ee728b)
Start importing Assets/PlayFabSDK/Shared/Editor/PlayFablogo.png using Guid(ec8f5065b10fb4f04bebf82a992c442e) Importer(815301076,1909f56bfc062723c751e8b465ee728b)  -> (artifact id: 'dff3b8d5b4d117a6f9c0f4ce24c944b9') in 0.012645 seconds
  Import took 0.014529 seconds .

========================================================================
Received Import Request.
  Time since last request: 209.801442 seconds.
  path: Assets/Auth/Scripts/Menu.cs
  artifactKey: Guid(c6553e005a0a15107a0e92f095db67ae) Importer(815301076,1909f56bfc062723c751e8b465ee728b)
Start importing Assets/Auth/Scripts/Menu.cs using Guid(c6553e005a0a15107a0e92f095db67ae) Importer(815301076,1909f56bfc062723c751e8b465ee728b)  -> (artifact id: '0f4c6d113f23a6d6ee19cb8c27c03699') in 0.001478 seconds
  Import took 0.004309 seconds .

========================================================================
Received Import Request.
  Time since last request: 191.076750 seconds.
  path: Assets/Auth/Scripts/Menu.cs
  artifactKey: Guid(c6553e005a0a15107a0e92f095db67ae) Importer(815301076,1909f56bfc062723c751e8b465ee728b)
Start importing Assets/Auth/Scripts/Menu.cs using Guid(c6553e005a0a15107a0e92f095db67ae) Importer(815301076,1909f56bfc062723c751e8b465ee728b)  -> (artifact id: 'a11d58ad10d3343c3a58384cd8cc2946') in 0.000604 seconds
  Import took 0.002869 seconds .

========================================================================
Received Import Request.
  Time since last request: 0.043393 seconds.
  path: Assets/Auth/Scripts/LoginRegister.cs
  artifactKey: Guid(54e9a7e81e264125eb41b4bfdb248ac0) Importer(815301076,1909f56bfc062723c751e8b465ee728b)
Start importing Assets/Auth/Scripts/LoginRegister.cs using Guid(54e9a7e81e264125eb41b4bfdb248ac0) Importer(815301076,1909f56bfc062723c751e8b465ee728b)  -> (artifact id: '85c664e85b64e8085519eb9219258b1d') in 0.000587 seconds
  Import took 0.002732 seconds .

========================================================================
Received Import Request.
  Time since last request: 18.277512 seconds.
  path: Assets/Auth/Scripts/LoginRegister.cs
  artifactKey: Guid(54e9a7e81e264125eb41b4bfdb248ac0) Importer(815301076,1909f56bfc062723c751e8b465ee728b)
Start importing Assets/Auth/Scripts/LoginRegister.cs using Guid(54e9a7e81e264125eb41b4bfdb248ac0) Importer(815301076,1909f56bfc062723c751e8b465ee728b)  -> (artifact id: '7ae9a79ce10aab2c10762e77c653c7b9') in 0.000918 seconds
  Import took 0.003833 seconds .

========================================================================
Received Prepare
Reloading mono domain
Begin MonoManager ReloadAssembly
Registering precompiled unity dll's ...
Register platform support module: /HWK/SFW/Unity/Hub/2020.2.0b2/Editor/Data/PlaybackEngines/WebGLSupport/UnityEditor.WebGL.Extensions.dll
Register platform support module: /HWK/SFW/Unity/Hub/2020.2.0b2/Editor/Data/PlaybackEngines/LinuxStandaloneSupport/UnityEditor.LinuxStandalone.Extensions.dll
Registered in 0.001364 seconds.
./Editor/Platform/Linux/TempStubs.cpp:PlatformImageForIconForExtension
./Editor/Platform/Linux/TempStubs.cpp:PlatformImageForIconForExtension
./Editor/Platform/Linux/TempStubs.cpp:PlatformImageForIconForExtension
./Editor/Platform/Linux/TempStubs.cpp:PlatformImageForIconForExtension
./Editor/Platform/Linux/TempStubs.cpp:PlatformImageForIconForExtension
./Editor/Platform/Linux/TempStubs.cpp:PlatformImageForIconForExtension
./Editor/Platform/Linux/TempStubs.cpp:PlatformImageForIconForExtension
./Editor/Platform/Linux/TempStubs.cpp:PlatformImageForIconForExtension
./Editor/Platform/Linux/TempStubs.cpp:PlatformImageForIconForExtension
./Editor/Platform/Linux/TempStubs.cpp:PlatformImageForIconForExtension
./Editor/Platform/Linux/TempStubs.cpp:PlatformImageForIconForExtension
./Editor/Platform/Linux/TempStubs.cpp:PlatformImageForIconForExtension
./Editor/Platform/Linux/TempStubs.cpp:PlatformImageForIconForExtension
./Editor/Platform/Linux/TempStubs.cpp:PlatformImageForIconForExtension
./Editor/Platform/Linux/TempStubs.cpp:PlatformImageForIconForExtension
Symbol file LoadedFromMemory doesn't match image /HWK/ERAU/Active Courses/SIM 450 Game Sys IV Mult/SIM_450_M04.DV01_Auth/Library/PackageCache/com.unity.ext.nunit@1.0.0/net35/unity-custom/nunit.framework.dll
Native extension for LinuxStandalone target not found
Native extension for WebGL target not found
Refreshing native plugins compatible for Editor in 19.41 ms, found 0 plugins.
Preloading 0 native plugins for Editor in 0.00 ms.
Invoked RoslynAnalysisRunner static constructor.
RoslynAnalysisRunner will not be running.
RoslynAnalysisRunner has terminated.
Mono: successfully reloaded assembly
- Completed reload, in  0.776 seconds
Registering precompiled user dll's ...
Registered in 0.026989 seconds.
Platform modules already initialized, skipping
Begin MonoManager ReloadAssembly
Symbol file LoadedFromMemory doesn't match image /HWK/ERAU/Active Courses/SIM 450 Game Sys IV Mult/SIM_450_M04.DV01_Auth/Library/PackageCache/com.unity.ext.nunit@1.0.0/net35/unity-custom/nunit.framework.dll
Native extension for LinuxStandalone target not found
Native extension for WebGL target not found
Refreshing native plugins compatible for Editor in 0.16 ms, found 0 plugins.
Preloading 0 native plugins for Editor in 0.00 ms.
Invoked RoslynAnalysisRunner static constructor.
RoslynAnalysisRunner will not be running.
RoslynAnalysisRunner has terminated.
Mono: successfully reloaded assembly
- Completed reload, in  0.702 seconds
Platform modules already initialized, skipping
Refreshing native plugins compatible for Editor in 0.33 ms, found 0 plugins.
Preloading 0 native plugins for Editor in 0.00 ms.
Unloading 20 Unused Serialized files (Serialized files now loaded: 0)
System memory in use before: 37.6 MB.
System memory in use after: 37.2 MB.

Unloading 19 unused Assets to reduce memory usage. Loaded Objects now: 1689.
Total: 4.184643 ms (FindLiveObjects: 0.528710 ms CreateObjectMapping: 0.082512 ms MarkObjects: 3.285802 ms  DeleteObjects: 0.285008 ms)

========================================================================
Received Prepare
Reloading mono domain
Begin MonoManager ReloadAssembly
Registering precompiled unity dll's ...
Register platform support module: /HWK/SFW/Unity/Hub/2020.2.0b2/Editor/Data/PlaybackEngines/WebGLSupport/UnityEditor.WebGL.Extensions.dll
Register platform support module: /HWK/SFW/Unity/Hub/2020.2.0b2/Editor/Data/PlaybackEngines/LinuxStandaloneSupport/UnityEditor.LinuxStandalone.Extensions.dll
Registered in 0.001058 seconds.
Symbol file LoadedFromMemory doesn't match image /HWK/ERAU/Active Courses/SIM 450 Game Sys IV Mult/SIM_450_M04.DV01_Auth/Library/PackageCache/com.unity.ext.nunit@1.0.0/net35/unity-custom/nunit.framework.dll
Native extension for LinuxStandalone target not found
Native extension for WebGL target not found
Refreshing native plugins compatible for Editor in 20.76 ms, found 0 plugins.
Preloading 0 native plugins for Editor in 0.00 ms.
Invoked RoslynAnalysisRunner static constructor.
RoslynAnalysisRunner will not be running.
RoslynAnalysisRunner has terminated.
Mono: successfully reloaded assembly
- Completed reload, in  0.794 seconds
Registering precompiled user dll's ...
Registered in 0.027317 seconds.
Platform modules already initialized, skipping
Begin MonoManager ReloadAssembly
Symbol file LoadedFromMemory doesn't match image /HWK/ERAU/Active Courses/SIM 450 Game Sys IV Mult/SIM_450_M04.DV01_Auth/Library/PackageCache/com.unity.ext.nunit@1.0.0/net35/unity-custom/nunit.framework.dll
Native extension for LinuxStandalone target not found
Native extension for WebGL target not found
Refreshing native plugins compatible for Editor in 0.17 ms, found 0 plugins.
Preloading 0 native plugins for Editor in 0.00 ms.
Invoked RoslynAnalysisRunner static constructor.
RoslynAnalysisRunner will not be running.
RoslynAnalysisRunner has terminated.
Mono: successfully reloaded assembly
- Completed reload, in  0.725 seconds
Platform modules already initialized, skipping
Refreshing native plugins compatible for Editor in 0.16 ms, found 0 plugins.
Preloading 0 native plugins for Editor in 0.00 ms.
Unloading 20 Unused Serialized files (Serialized files now loaded: 0)
System memory in use before: 37.8 MB.
System memory in use after: 37.4 MB.

Unloading 19 unused Assets to reduce memory usage. Loaded Objects now: 1695.
Total: 2.307946 ms (FindLiveObjects: 0.259677 ms CreateObjectMapping: 0.038962 ms MarkObjects: 1.704139 ms  DeleteObjects: 0.304031 ms)

========================================================================
Received Prepare
Reloading mono domain
Begin MonoManager ReloadAssembly
Registering precompiled unity dll's ...
Register platform support module: /HWK/SFW/Unity/Hub/2020.2.0b2/Editor/Data/PlaybackEngines/WebGLSupport/UnityEditor.WebGL.Extensions.dll
Register platform support module: /HWK/SFW/Unity/Hub/2020.2.0b2/Editor/Data/PlaybackEngines/LinuxStandaloneSupport/UnityEditor.LinuxStandalone.Extensions.dll
Registered in 0.000941 seconds.
Symbol file LoadedFromMemory doesn't match image /HWK/ERAU/Active Courses/SIM 450 Game Sys IV Mult/SIM_450_M04.DV01_Auth/Library/PackageCache/com.unity.ext.nunit@1.0.0/net35/unity-custom/nunit.framework.dll
Native extension for LinuxStandalone target not found
Native extension for WebGL target not found
Refreshing native plugins compatible for Editor in 21.26 ms, found 0 plugins.
Preloading 0 native plugins for Editor in 0.00 ms.
Invoked RoslynAnalysisRunner static constructor.
RoslynAnalysisRunner will not be running.
RoslynAnalysisRunner has terminated.
Mono: successfully reloaded assembly
- Completed reload, in  0.773 seconds
Registering precompiled user dll's ...
Registered in 0.028071 seconds.
Platform modules already initialized, skipping
Begin MonoManager ReloadAssembly
Symbol file LoadedFromMemory doesn't match image /HWK/ERAU/Active Courses/SIM 450 Game Sys IV Mult/SIM_450_M04.DV01_Auth/Library/PackageCache/com.unity.ext.nunit@1.0.0/net35/unity-custom/nunit.framework.dll
Native extension for LinuxStandalone target not found
Native extension for WebGL target not found
Refreshing native plugins compatible for Editor in 0.17 ms, found 0 plugins.
Preloading 0 native plugins for Editor in 0.00 ms.
Invoked RoslynAnalysisRunner static constructor.
RoslynAnalysisRunner will not be running.
RoslynAnalysisRunner has terminated.
Mono: successfully reloaded assembly
- Completed reload, in  0.812 seconds
Platform modules already initialized, skipping
Refreshing native plugins compatible for Editor in 0.26 ms, found 0 plugins.
Preloading 0 native plugins for Editor in 0.00 ms.
Unloading 20 Unused Serialized files (Serialized files now loaded: 0)
System memory in use before: 37.9 MB.
System memory in use after: 37.5 MB.

Unloading 19 unused Assets to reduce memory usage. Loaded Objects now: 1701.
Total: 2.979875 ms (FindLiveObjects: 0.318216 ms CreateObjectMapping: 0.069902 ms MarkObjects: 2.310430 ms  DeleteObjects: 0.279876 ms)

========================================================================
Received Prepare
Reloading mono domain
Begin MonoManager ReloadAssembly
Registering precompiled unity dll's ...
Register platform support module: /HWK/SFW/Unity/Hub/2020.2.0b2/Editor/Data/PlaybackEngines/WebGLSupport/UnityEditor.WebGL.Extensions.dll
Register platform support module: /HWK/SFW/Unity/Hub/2020.2.0b2/Editor/Data/PlaybackEngines/LinuxStandaloneSupport/UnityEditor.LinuxStandalone.Extensions.dll
Registered in 0.001231 seconds.
Symbol file LoadedFromMemory doesn't match image /HWK/ERAU/Active Courses/SIM 450 Game Sys IV Mult/SIM_450_M04.DV01_Auth/Library/PackageCache/com.unity.ext.nunit@1.0.0/net35/unity-custom/nunit.framework.dll
Native extension for LinuxStandalone target not found
Native extension for WebGL target not found
Refreshing native plugins compatible for Editor in 21.17 ms, found 0 plugins.
Preloading 0 native plugins for Editor in 0.00 ms.
Invoked RoslynAnalysisRunner static constructor.
RoslynAnalysisRunner will not be running.
RoslynAnalysisRunner has terminated.
Mono: successfully reloaded assembly
- Completed reload, in  0.911 seconds
Registering precompiled user dll's ...
Registered in 0.029401 seconds.
Platform modules already initialized, skipping
Begin MonoManager ReloadAssembly
Symbol file LoadedFromMemory doesn't match image /HWK/ERAU/Active Courses/SIM 450 Game Sys IV Mult/SIM_450_M04.DV01_Auth/Library/PackageCache/com.unity.ext.nunit@1.0.0/net35/unity-custom/nunit.framework.dll
Native extension for LinuxStandalone target not found
Native extension for WebGL target not found
Refreshing native plugins compatible for Editor in 0.17 ms, found 0 plugins.
Preloading 0 native plugins for Editor in 0.00 ms.
Invoked RoslynAnalysisRunner static constructor.
RoslynAnalysisRunner will not be running.
RoslynAnalysisRunner has terminated.
Mono: successfully reloaded assembly
- Completed reload, in  0.845 seconds
Platform modules already initialized, skipping
Refreshing native plugins compatible for Editor in 0.31 ms, found 0 plugins.
Preloading 0 native plugins for Editor in 0.00 ms.
Unloading 20 Unused Serialized files (Serialized files now loaded: 0)
System memory in use before: 38.0 MB.
System memory in use after: 37.6 MB.

Unloading 19 unused Assets to reduce memory usage. Loaded Objects now: 1707.
Total: 2.821143 ms (FindLiveObjects: 0.435334 ms CreateObjectMapping: 0.066407 ms MarkObjects: 1.981996 ms  DeleteObjects: 0.335168 ms)

========================================================================
Received Prepare
Reloading mono domain
Begin MonoManager ReloadAssembly
Registering precompiled unity dll's ...
Register platform support module: /HWK/SFW/Unity/Hub/2020.2.0b2/Editor/Data/PlaybackEngines/WebGLSupport/UnityEditor.WebGL.Extensions.dll
Register platform support module: /HWK/SFW/Unity/Hub/2020.2.0b2/Editor/Data/PlaybackEngines/LinuxStandaloneSupport/UnityEditor.LinuxStandalone.Extensions.dll
Registered in 0.001344 seconds.
Symbol file LoadedFromMemory doesn't match image /HWK/ERAU/Active Courses/SIM 450 Game Sys IV Mult/SIM_450_M04.DV01_Auth/Library/PackageCache/com.unity.ext.nunit@1.0.0/net35/unity-custom/nunit.framework.dll
Native extension for LinuxStandalone target not found
Native extension for WebGL target not found
Refreshing native plugins compatible for Editor in 19.83 ms, found 0 plugins.
Preloading 0 native plugins for Editor in 0.00 ms.
Invoked RoslynAnalysisRunner static constructor.
RoslynAnalysisRunner will not be running.
RoslynAnalysisRunner has terminated.
Mono: successfully reloaded assembly
- Completed reload, in  0.882 seconds
Registering precompiled user dll's ...
Registered in 0.028247 seconds.
Platform modules already initialized, skipping
Begin MonoManager ReloadAssembly
Symbol file LoadedFromMemory doesn't match image /HWK/ERAU/Active Courses/SIM 450 Game Sys IV Mult/SIM_450_M04.DV01_Auth/Library/PackageCache/com.unity.ext.nunit@1.0.0/net35/unity-custom/nunit.framework.dll
Native extension for LinuxStandalone target not found
Native extension for WebGL target not found
Refreshing native plugins compatible for Editor in 0.16 ms, found 0 plugins.
Preloading 0 native plugins for Editor in 0.00 ms.
Invoked RoslynAnalysisRunner static constructor.
RoslynAnalysisRunner will not be running.
RoslynAnalysisRunner has terminated.
Mono: successfully reloaded assembly
- Completed reload, in  0.814 seconds
Platform modules already initialized, skipping
Refreshing native plugins compatible for Editor in 0.23 ms, found 0 plugins.
Preloading 0 native plugins for Editor in 0.00 ms.
Unloading 20 Unused Serialized files (Serialized files now loaded: 0)
System memory in use before: 38.1 MB.
System memory in use after: 37.7 MB.

Unloading 19 unused Assets to reduce memory usage. Loaded Objects now: 1713.
Total: 2.478265 ms (FindLiveObjects: 0.382145 ms CreateObjectMapping: 0.067228 ms MarkObjects: 1.770026 ms  DeleteObjects: 0.257472 ms)

========================================================================
Received Prepare
Reloading mono domain
Begin MonoManager ReloadAssembly
Registering precompiled unity dll's ...
Register platform support module: /HWK/SFW/Unity/Hub/2020.2.0b2/Editor/Data/PlaybackEngines/WebGLSupport/UnityEditor.WebGL.Extensions.dll
Register platform support module: /HWK/SFW/Unity/Hub/2020.2.0b2/Editor/Data/PlaybackEngines/LinuxStandaloneSupport/UnityEditor.LinuxStandalone.Extensions.dll
Registered in 0.001079 seconds.
Symbol file LoadedFromMemory doesn't match image /HWK/ERAU/Active Courses/SIM 450 Game Sys IV Mult/SIM_450_M04.DV01_Auth/Library/PackageCache/com.unity.ext.nunit@1.0.0/net35/unity-custom/nunit.framework.dll
Native extension for LinuxStandalone target not found
Native extension for WebGL target not found
Refreshing native plugins compatible for Editor in 18.98 ms, found 0 plugins.
Preloading 0 native plugins for Editor in 0.00 ms.
Invoked RoslynAnalysisRunner static constructor.
RoslynAnalysisRunner will not be running.
RoslynAnalysisRunner has terminated.
Mono: successfully reloaded assembly
- Completed reload, in  0.897 seconds
Registering precompiled user dll's ...
Registered in 0.027333 seconds.
Platform modules already initialized, skipping
Begin MonoManager ReloadAssembly
Symbol file LoadedFromMemory doesn't match image /HWK/ERAU/Active Courses/SIM 450 Game Sys IV Mult/SIM_450_M04.DV01_Auth/Library/PackageCache/com.unity.ext.nunit@1.0.0/net35/unity-custom/nunit.framework.dll
Native extension for LinuxStandalone target not found
Native extension for WebGL target not found
Refreshing native plugins compatible for Editor in 0.23 ms, found 0 plugins.
Preloading 0 native plugins for Editor in 0.00 ms.
Invoked RoslynAnalysisRunner static constructor.
RoslynAnalysisRunner will not be running.
RoslynAnalysisRunner has terminated.
Mono: successfully reloaded assembly
- Completed reload, in  0.802 seconds
Platform modules already initialized, skipping
Refreshing native plugins compatible for Editor in 0.18 ms, found 0 plugins.
Preloading 0 native plugins for Editor in 0.00 ms.
Unloading 20 Unused Serialized files (Serialized files now loaded: 0)
System memory in use before: 38.2 MB.
System memory in use after: 37.8 MB.

Unloading 19 unused Assets to reduce memory usage. Loaded Objects now: 1719.
Total: 2.195262 ms (FindLiveObjects: 0.316715 ms CreateObjectMapping: 0.038955 ms MarkObjects: 1.583968 ms  DeleteObjects: 0.253987 ms)

========================================================================
Received Import Request.
  Time since last request: 1081.294785 seconds.
  path: Assets/Auth/Scripts/LoginRegister.cs
  artifactKey: Guid(54e9a7e81e264125eb41b4bfdb248ac0) Importer(815301076,1909f56bfc062723c751e8b465ee728b)
Start importing Assets/Auth/Scripts/LoginRegister.cs using Guid(54e9a7e81e264125eb41b4bfdb248ac0) Importer(815301076,1909f56bfc062723c751e8b465ee728b)  -> (artifact id: '097ce064f40455cc76b195aac4d7ffdd') in 0.001404 seconds
  Import took 0.004428 seconds .

========================================================================
Received Import Request.
  Time since last request: 0.002445 seconds.
  path: Assets/Auth/Scripts/LoginRegister.cs
  artifactKey: Guid(54e9a7e81e264125eb41b4bfdb248ac0) Importer(815301076,1909f56bfc062723c751e8b465ee728b)
Start importing Assets/Auth/Scripts/LoginRegister.cs using Guid(54e9a7e81e264125eb41b4bfdb248ac0) Importer(815301076,1909f56bfc062723c751e8b465ee728b)  -> (artifact id: '097ce064f40455cc76b195aac4d7ffdd') in 0.000805 seconds
  Import took 0.004130 seconds .

========================================================================
Received Import Request.
  Time since last request: 12.536974 seconds.
  path: Assets/Auth/Scripts/PlayerInfo.cs
  artifactKey: Guid(1771766f0159eb95cb469f2a81549108) Importer(815301076,1909f56bfc062723c751e8b465ee728b)
Start importing Assets/Auth/Scripts/PlayerInfo.cs using Guid(1771766f0159eb95cb469f2a81549108) Importer(815301076,1909f56bfc062723c751e8b465ee728b)  -> (artifact id: 'b7fef25ba75cf7c49a20febb6efcfcd8') in 0.000999 seconds
  Import took 0.002969 seconds .

========================================================================
Received Prepare
Reloading mono domain
Begin MonoManager ReloadAssembly
Registering precompiled unity dll's ...
Register platform support module: /HWK/SFW/Unity/Hub/2020.2.0b2/Editor/Data/PlaybackEngines/WebGLSupport/UnityEditor.WebGL.Extensions.dll
Register platform support module: /HWK/SFW/Unity/Hub/2020.2.0b2/Editor/Data/PlaybackEngines/LinuxStandaloneSupport/UnityEditor.LinuxStandalone.Extensions.dll
Registered in 0.001027 seconds.
./Editor/Platform/Linux/TempStubs.cpp:PlatformImageForIconForExtension
./Editor/Platform/Linux/TempStubs.cpp:PlatformImageForIconForExtension
./Editor/Platform/Linux/TempStubs.cpp:PlatformImageForIconForExtension
Symbol file LoadedFromMemory doesn't match image /HWK/ERAU/Active Courses/SIM 450 Game Sys IV Mult/SIM_450_M04.DV01_Auth/Library/PackageCache/com.unity.ext.nunit@1.0.0/net35/unity-custom/nunit.framework.dll
Native extension for LinuxStandalone target not found
Native extension for WebGL target not found
Refreshing native plugins compatible for Editor in 23.53 ms, found 0 plugins.
Preloading 0 native plugins for Editor in 0.00 ms.
Invoked RoslynAnalysisRunner static constructor.
RoslynAnalysisRunner will not be running.
RoslynAnalysisRunner has terminated.
Mono: successfully reloaded assembly
- Completed reload, in  0.891 seconds
Registering precompiled user dll's ...
Registered in 0.027649 seconds.
Platform modules already initialized, skipping
Begin MonoManager ReloadAssembly
Symbol file LoadedFromMemory doesn't match image /HWK/ERAU/Active Courses/SIM 450 Game Sys IV Mult/SIM_450_M04.DV01_Auth/Library/PackageCache/com.unity.ext.nunit@1.0.0/net35/unity-custom/nunit.framework.dll
Native extension for LinuxStandalone target not found
Native extension for WebGL target not found
Refreshing native plugins compatible for Editor in 0.17 ms, found 0 plugins.
Preloading 0 native plugins for Editor in 0.00 ms.
Invoked RoslynAnalysisRunner static constructor.
RoslynAnalysisRunner will not be running.
RoslynAnalysisRunner has terminated.
Mono: successfully reloaded assembly
- Completed reload, in  0.855 seconds
Platform modules already initialized, skipping
Refreshing native plugins compatible for Editor in 0.16 ms, found 0 plugins.
Preloading 0 native plugins for Editor in 0.00 ms.
Unloading 21 Unused Serialized files (Serialized files now loaded: 0)
System memory in use before: 38.4 MB.
System memory in use after: 38.0 MB.

Unloading 19 unused Assets to reduce memory usage. Loaded Objects now: 1726.
Total: 3.529816 ms (FindLiveObjects: 0.628515 ms CreateObjectMapping: 0.112251 ms MarkObjects: 2.524623 ms  DeleteObjects: 0.262469 ms)

========================================================================
Received Import Request.
  Time since last request: 10249.328352 seconds.
  path: Assets/Auth/Scripts/PlayerInfo.cs
  artifactKey: Guid(1771766f0159eb95cb469f2a81549108) Importer(815301076,1909f56bfc062723c751e8b465ee728b)
Start importing Assets/Auth/Scripts/PlayerInfo.cs using Guid(1771766f0159eb95cb469f2a81549108) Importer(815301076,1909f56bfc062723c751e8b465ee728b)  -> (artifact id: '73cae5bb3dae550ac8e9d4c1d04fdb0c') in 0.001655 seconds
  Import took 0.003601 seconds .

========================================================================
Received Import Request.
  Time since last request: 0.038034 seconds.
  path: Assets/Auth/Scripts/PlayerInfo.cs
  artifactKey: Guid(1771766f0159eb95cb469f2a81549108) Importer(815301076,1909f56bfc062723c751e8b465ee728b)
Start importing Assets/Auth/Scripts/PlayerInfo.cs using Guid(1771766f0159eb95cb469f2a81549108) Importer(815301076,1909f56bfc062723c751e8b465ee728b)  -> (artifact id: '73cae5bb3dae550ac8e9d4c1d04fdb0c') in 0.000913 seconds
  Import took 0.004556 seconds .

========================================================================
Received Import Request.
  Time since last request: 0.033935 seconds.
  path: Assets/Auth/Scripts/LoginRegister.cs
  artifactKey: Guid(54e9a7e81e264125eb41b4bfdb248ac0) Importer(815301076,1909f56bfc062723c751e8b465ee728b)
Start importing Assets/Auth/Scripts/LoginRegister.cs using Guid(54e9a7e81e264125eb41b4bfdb248ac0) Importer(815301076,1909f56bfc062723c751e8b465ee728b)  -> (artifact id: 'a745b366a98f6f7ba882426327b99cbc') in 0.000670 seconds
  Import took 0.003353 seconds .

========================================================================
Received Prepare
Reloading mono domain
Begin MonoManager ReloadAssembly
Registering precompiled unity dll's ...
Register platform support module: /HWK/SFW/Unity/Hub/2020.2.0b2/Editor/Data/PlaybackEngines/WebGLSupport/UnityEditor.WebGL.Extensions.dll
Register platform support module: /HWK/SFW/Unity/Hub/2020.2.0b2/Editor/Data/PlaybackEngines/LinuxStandaloneSupport/UnityEditor.LinuxStandalone.Extensions.dll
Registered in 0.001270 seconds.
./Editor/Platform/Linux/TempStubs.cpp:PlatformImageForIconForExtension
./Editor/Platform/Linux/TempStubs.cpp:PlatformImageForIconForExtension
./Editor/Platform/Linux/TempStubs.cpp:PlatformImageForIconForExtension
Symbol file LoadedFromMemory doesn't match image /HWK/ERAU/Active Courses/SIM 450 Game Sys IV Mult/SIM_450_M04.DV01_Auth/Library/PackageCache/com.unity.ext.nunit@1.0.0/net35/unity-custom/nunit.framework.dll
Native extension for LinuxStandalone target not found
Native extension for WebGL target not found
Refreshing native plugins compatible for Editor in 19.50 ms, found 0 plugins.
Preloading 0 native plugins for Editor in 0.00 ms.
Invoked RoslynAnalysisRunner static constructor.
RoslynAnalysisRunner will not be running.
RoslynAnalysisRunner has terminated.
Mono: successfully reloaded assembly
- Completed reload, in  0.969 seconds
Registering precompiled user dll's ...
Registered in 0.032366 seconds.
Platform modules already initialized, skipping
Begin MonoManager ReloadAssembly
Symbol file LoadedFromMemory doesn't match image /HWK/ERAU/Active Courses/SIM 450 Game Sys IV Mult/SIM_450_M04.DV01_Auth/Library/PackageCache/com.unity.ext.nunit@1.0.0/net35/unity-custom/nunit.framework.dll
Native extension for LinuxStandalone target not found
Native extension for WebGL target not found
Refreshing native plugins compatible for Editor in 0.19 ms, found 0 plugins.
Preloading 0 native plugins for Editor in 0.00 ms.
Invoked RoslynAnalysisRunner static constructor.
RoslynAnalysisRunner will not be running.
RoslynAnalysisRunner has terminated.
Mono: successfully reloaded assembly
- Completed reload, in  0.907 seconds
Platform modules already initialized, skipping
Refreshing native plugins compatible for Editor in 0.16 ms, found 0 plugins.
Preloading 0 native plugins for Editor in 0.00 ms.
Unloading 20 Unused Serialized files (Serialized files now loaded: 0)
System memory in use before: 38.5 MB.
System memory in use after: 38.1 MB.

Unloading 19 unused Assets to reduce memory usage. Loaded Objects now: 1732.
Total: 2.836591 ms (FindLiveObjects: 0.614676 ms CreateObjectMapping: 0.075550 ms MarkObjects: 1.878007 ms  DeleteObjects: 0.265524 ms)

========================================================================
Received Import Request.
  Time since last request: 21.041815 seconds.
  path: Assets/Auth/Scripts/PlayerInfo.cs
  artifactKey: Guid(1771766f0159eb95cb469f2a81549108) Importer(815301076,1909f56bfc062723c751e8b465ee728b)
Start importing Assets/Auth/Scripts/PlayerInfo.cs using Guid(1771766f0159eb95cb469f2a81549108) Importer(815301076,1909f56bfc062723c751e8b465ee728b)  -> (artifact id: 'c58f6d199108a37cb4e05e4139310acc') in 0.002149 seconds
  Import took 0.004892 seconds .

========================================================================
Received Prepare
Reloading mono domain
Begin MonoManager ReloadAssembly
Registering precompiled unity dll's ...
Register platform support module: /HWK/SFW/Unity/Hub/2020.2.0b2/Editor/Data/PlaybackEngines/WebGLSupport/UnityEditor.WebGL.Extensions.dll
Register platform support module: /HWK/SFW/Unity/Hub/2020.2.0b2/Editor/Data/PlaybackEngines/LinuxStandaloneSupport/UnityEditor.LinuxStandalone.Extensions.dll
Registered in 0.001057 seconds.
./Editor/Platform/Linux/TempStubs.cpp:PlatformImageForIconForExtension
Symbol file LoadedFromMemory doesn't match image /HWK/ERAU/Active Courses/SIM 450 Game Sys IV Mult/SIM_450_M04.DV01_Auth/Library/PackageCache/com.unity.ext.nunit@1.0.0/net35/unity-custom/nunit.framework.dll
Native extension for LinuxStandalone target not found
Native extension for WebGL target not found
Refreshing native plugins compatible for Editor in 22.85 ms, found 0 plugins.
Preloading 0 native plugins for Editor in 0.00 ms.
Invoked RoslynAnalysisRunner static constructor.
RoslynAnalysisRunner will not be running.
RoslynAnalysisRunner has terminated.
Mono: successfully reloaded assembly
- Completed reload, in  1.171 seconds
Registering precompiled user dll's ...
Registered in 0.041923 seconds.
Platform modules already initialized, skipping
Begin MonoManager ReloadAssembly
Symbol file LoadedFromMemory doesn't match image /HWK/ERAU/Active Courses/SIM 450 Game Sys IV Mult/SIM_450_M04.DV01_Auth/Library/PackageCache/com.unity.ext.nunit@1.0.0/net35/unity-custom/nunit.framework.dll
Native extension for LinuxStandalone target not found
Native extension for WebGL target not found
Refreshing native plugins compatible for Editor in 0.41 ms, found 0 plugins.
Preloading 0 native plugins for Editor in 0.00 ms.
Invoked RoslynAnalysisRunner static constructor.
RoslynAnalysisRunner will not be running.
RoslynAnalysisRunner has terminated.
Mono: successfully reloaded assembly
- Completed reload, in  1.010 seconds
Platform modules already initialized, skipping
Refreshing native plugins compatible for Editor in 0.16 ms, found 0 plugins.
Preloading 0 native plugins for Editor in 0.00 ms.
Unloading 23 Unused Serialized files (Serialized files now loaded: 0)
System memory in use before: 38.7 MB.
System memory in use after: 38.3 MB.

Unloading 19 unused Assets to reduce memory usage. Loaded Objects now: 1738.
Total: 3.045345 ms (FindLiveObjects: 0.505121 ms CreateObjectMapping: 0.085436 ms MarkObjects: 2.180286 ms  DeleteObjects: 0.271971 ms)

========================================================================
Received Prepare
Refreshing native plugins compatible for Editor in 0.49 ms, found 0 plugins.
Preloading 0 native plugins for Editor in 0.00 ms.
Unloading 16 Unused Serialized files (Serialized files now loaded: 0)
System memory in use before: 38.5 MB.
System memory in use after: 38.1 MB.

Unloading 16 unused Assets to reduce memory usage. Loaded Objects now: 1738.
Total: 2.511304 ms (FindLiveObjects: 0.422769 ms CreateObjectMapping: 0.065892 ms MarkObjects: 1.773112 ms  DeleteObjects: 0.247561 ms)

========================================================================
Received Prepare
Reloading mono domain
Begin MonoManager ReloadAssembly
Registering precompiled unity dll's ...
Register platform support module: /HWK/SFW/Unity/Hub/2020.2.0b2/Editor/Data/PlaybackEngines/WebGLSupport/UnityEditor.WebGL.Extensions.dll
Register platform support module: /HWK/SFW/Unity/Hub/2020.2.0b2/Editor/Data/PlaybackEngines/LinuxStandaloneSupport/UnityEditor.LinuxStandalone.Extensions.dll
Registered in 0.000999 seconds.
Symbol file LoadedFromMemory doesn't match image /HWK/ERAU/Active Courses/SIM 450 Game Sys IV Mult/SIM_450_M04.DV01_Auth/Library/PackageCache/com.unity.ext.nunit@1.0.0/net35/unity-custom/nunit.framework.dll
Native extension for LinuxStandalone target not found
Native extension for WebGL target not found
Refreshing native plugins compatible for Editor in 29.02 ms, found 0 plugins.
Preloading 0 native plugins for Editor in 0.00 ms.
Invoked RoslynAnalysisRunner static constructor.
RoslynAnalysisRunner will not be running.
RoslynAnalysisRunner has terminated.
Mono: successfully reloaded assembly
- Completed reload, in  1.152 seconds
Registering precompiled user dll's ...
Registered in 0.034193 seconds.
Platform modules already initialized, skipping
Begin MonoManager ReloadAssembly
Symbol file LoadedFromMemory doesn't match image /HWK/ERAU/Active Courses/SIM 450 Game Sys IV Mult/SIM_450_M04.DV01_Auth/Library/PackageCache/com.unity.ext.nunit@1.0.0/net35/unity-custom/nunit.framework.dll
Native extension for LinuxStandalone target not found
Native extension for WebGL target not found
Refreshing native plugins compatible for Editor in 0.24 ms, found 0 plugins.
Preloading 0 native plugins for Editor in 0.00 ms.
Invoked RoslynAnalysisRunner static constructor.
RoslynAnalysisRunner will not be running.
RoslynAnalysisRunner has terminated.
Mono: successfully reloaded assembly
- Completed reload, in  1.011 seconds
Platform modules already initialized, skipping
Refreshing native plugins compatible for Editor in 0.39 ms, found 0 plugins.
Preloading 0 native plugins for Editor in 0.00 ms.
Unloading 20 Unused Serialized files (Serialized files now loaded: 0)
System memory in use before: 38.9 MB.
System memory in use after: 38.5 MB.

Unloading 19 unused Assets to reduce memory usage. Loaded Objects now: 1744.
Total: 4.795789 ms (FindLiveObjects: 1.250427 ms CreateObjectMapping: 0.256957 ms MarkObjects: 2.866434 ms  DeleteObjects: 0.418394 ms)

========================================================================
Received Prepare
Refreshing native plugins compatible for Editor in 0.77 ms, found 0 plugins.
Preloading 0 native plugins for Editor in 0.00 ms.
Unloading 16 Unused Serialized files (Serialized files now loaded: 0)
System memory in use before: 38.8 MB.
System memory in use after: 38.4 MB.

Unloading 16 unused Assets to reduce memory usage. Loaded Objects now: 1744.
Total: 2.679496 ms (FindLiveObjects: 0.461606 ms CreateObjectMapping: 0.080647 ms MarkObjects: 1.887966 ms  DeleteObjects: 0.247789 ms)

========================================================================
Received Prepare
Refreshing native plugins compatible for Editor in 0.67 ms, found 0 plugins.
Preloading 0 native plugins for Editor in 0.00 ms.
Unloading 16 Unused Serialized files (Serialized files now loaded: 0)
System memory in use before: 38.9 MB.
System memory in use after: 38.5 MB.

Unloading 16 unused Assets to reduce memory usage. Loaded Objects now: 1744.
Total: 51.568147 ms (FindLiveObjects: 4.727031 ms CreateObjectMapping: 0.371824 ms MarkObjects: 46.161503 ms  DeleteObjects: 0.304712 ms)

